<?xml version="1.0" encoding="UTF-8"?>
<!-- Generated by org.testng.reporters.JUnitReportReporter -->
<testsuite skipped="0" hostname="LAPTOP-NBA1G7PD" name="com.practice.ToolTipTest" tests="1" failures="0" timestamp="12 Oct 2021 04:45:40 GMT" time="21.409" errors="0">
  <testcase name="toolTip" time="21.409" classname="com.practice.ToolTipTest"/>
</testsuite> <!-- com.practice.ToolTipTest -->
